<?xml version="1.0" encoding="UTF-8"?>
<!-- Generated by org.testng.reporters.JUnitReportReporter -->
<testsuite hostname="DESKTOP-6E13JVC" failures="0" tests="1" name="com.selenium.demo.File_Download_Test" time="21.199" errors="0" timestamp="2022-08-03T11:03:31 IST" skipped="0">
  <testcase classname="com.selenium.demo.File_Download_Test" name="fileDownloadWithFirefox" time="21.199"/>
  <system-out/>
</testsuite> <!-- com.selenium.demo.File_Download_Test -->
