<?xml version="1.0" encoding="UTF-8"?>
<!-- Generated by org.testng.reporters.JUnitReportReporter -->
<testsuite hostname="DESKTOP-6E13JVC" failures="0" tests="1" name="com.selenium.demo.User_Input" time="39.533" errors="0" timestamp="2022-07-30T12:41:46 IST" skipped="0">
  <testcase classname="com.selenium.demo.User_Input" name="Alert_Promptpopup" time="39.533"/>
  <system-out/>
</testsuite> <!-- com.selenium.demo.User_Input -->
