<?xml version="1.0" encoding="UTF-8"?>
<!-- Generated by org.testng.reporters.JUnitReportReporter -->
<testsuite hostname="DESKTOP-6E13JVC" failures="0" tests="1" name="com.selenium.demo.FacebookLogin" time="38.340" errors="0" timestamp="2022-07-20T21:05:18 IST" skipped="0">
  <testcase classname="com.selenium.demo.FacebookLogin" name="facebook_signup" time="38.340"/>
  <system-out/>
</testsuite> <!-- com.selenium.demo.FacebookLogin -->
