<?xml version="1.0" encoding="UTF-8"?>
<!-- Generated by org.testng.reporters.JUnitReportReporter -->
<testsuite hostname="DESKTOP-6E13JVC" failures="0" tests="1" name="com.selenium.demo.WebTableTest" time="5.874" errors="0" timestamp="2022-08-02T17:58:03 IST" skipped="0">
  <testcase classname="com.selenium.demo.WebTableTest" name="autosuggestionEx_GoogleSearch" time="5.874"/>
  <system-out/>
</testsuite> <!-- com.selenium.demo.WebTableTest -->
