<?xml version="1.0" encoding="UTF-8"?>
<!-- Generated by org.testng.reporters.JUnitReportReporter -->
<testsuite hostname="DESKTOP-6E13JVC" failures="0" tests="1" name="com.selenium.demo.FileUploadPopUp" time="5.635" errors="0" timestamp="2022-07-30T23:22:41 IST" skipped="0">
  <testcase classname="com.selenium.demo.FileUploadPopUp" name="autoIt_UploadFile" time="5.635"/>
  <system-out/>
</testsuite> <!-- com.selenium.demo.FileUploadPopUp -->
