<?xml version="1.0" encoding="UTF-8"?>
<!-- Generated by org.testng.reporters.JUnitReportReporter -->
<testsuite hostname="DESKTOP-6E13JVC" failures="0" tests="1" name="com.selenium.demo.ActiTimeLink" time="16.260" errors="0" timestamp="2022-07-19T17:10:08 IST" skipped="0">
  <testcase classname="com.selenium.demo.ActiTimeLink" name="login" time="16.260"/>
  <system-out/>
</testsuite> <!-- com.selenium.demo.ActiTimeLink -->
