<?xml version="1.0" encoding="UTF-8"?>
<!-- Generated by org.testng.reporters.JUnitReportReporter -->
<testsuite hostname="DESKTOP-6E13JVC" failures="0" tests="1" name="com.selenium.demo.WebElement_Interface_Methods" time="14.774" errors="0" timestamp="2022-07-25T01:00:09 IST" skipped="0">
  <testcase classname="com.selenium.demo.WebElement_Interface_Methods" name="Verify_GetCssValue" time="14.774"/>
  <system-out/>
</testsuite> <!-- com.selenium.demo.WebElement_Interface_Methods -->
