<?xml version="1.0" encoding="UTF-8"?>
<!-- Generated by org.testng.reporters.JUnitReportReporter -->
<testsuite hostname="DESKTOP-6E13JVC" failures="0" tests="1" name="com.selenium.demo.ChildBrowserPopUpTest" time="8.939" errors="0" timestamp="2022-08-02T15:55:00 IST" skipped="0">
  <testcase classname="com.selenium.demo.ChildBrowserPopUpTest" name="handleTabs_using_getWindowHandles" time="8.939"/>
  <system-out/>
</testsuite> <!-- com.selenium.demo.ChildBrowserPopUpTest -->
