<?xml version="1.0" encoding="UTF-8"?>
<!-- Generated by org.testng.reporters.JUnitReportReporter -->
<testsuite hostname="DESKTOP-6E13JVC" failures="0" tests="1" name="com.selenium.demo.User_Input_Test" time="19.306" errors="0" timestamp="2022-07-31T23:50:16 IST" skipped="0">
  <testcase classname="com.selenium.demo.User_Input_Test" name="Alert_Promptpopup" time="19.306"/>
  <system-out/>
</testsuite> <!-- com.selenium.demo.User_Input_Test -->
