<?xml version="1.0" encoding="UTF-8"?>
<!-- Generated by org.testng.reporters.JUnitReportReporter -->
<testsuite hostname="DESKTOP-6E13JVC" failures="0" tests="1" name="com.selenium.demo.VerifyIntagram_UNandPassword_HeightandWidth" time="11.557" errors="0" timestamp="2022-07-22T08:37:55 IST" skipped="0">
  <testcase classname="com.selenium.demo.VerifyIntagram_UNandPassword_HeightandWidth" name="checkInstagram_Usernamefield_lessthanMobileNumberField" time="11.557"/>
  <system-out/>
</testsuite> <!-- com.selenium.demo.VerifyIntagram_UNandPassword_HeightandWidth -->
