<?xml version="1.0" encoding="UTF-8"?>
<!-- Generated by org.testng.reporters.JUnitReportReporter -->
<testsuite hostname="DESKTOP-6E13JVC" failures="0" tests="1" name="com.selenium.demo.FileUploadPopUp" time="4.631" errors="0" timestamp="2022-07-29T17:02:21 IST" skipped="0">
  <testcase classname="com.selenium.demo.FileUploadPopUp" name="autoIt_UploadFile" time="4.631"/>
  <system-out/>
</testsuite> <!-- com.selenium.demo.FileUploadPopUp -->
