<?xml version="1.0" encoding="UTF-8"?>
<!-- Generated by org.testng.reporters.JUnitReportReporter -->
<testsuite hostname="DESKTOP-6E13JVC" failures="0" tests="1" name="com.selenium.demo.VerifyHomePageDisplayed" time="18.130" errors="0" timestamp="2022-07-21T20:32:32 IST" skipped="0">
  <testcase classname="com.selenium.demo.VerifyHomePageDisplayed" name="verifyhomepageUsingUniqueElement" time="18.130"/>
  <system-out/>
</testsuite> <!-- com.selenium.demo.VerifyHomePageDisplayed -->
