<?xml version="1.0" encoding="UTF-8"?>
<!-- Generated by org.testng.reporters.JUnitReportReporter -->
<testsuite hostname="DESKTOP-6E13JVC" failures="0" tests="1" name="com.selenium.demo.Facebook_XPath" time="25.491" errors="0" timestamp="2022-07-21T11:48:12 IST" skipped="0">
  <testcase classname="com.selenium.demo.Facebook_XPath" name="login" time="25.491"/>
  <system-out/>
</testsuite> <!-- com.selenium.demo.Facebook_XPath -->
