<?xml version="1.0" encoding="UTF-8"?>
<!-- Generated by org.testng.reporters.JUnitReportReporter -->
<testsuite hostname="DESKTOP-6E13JVC" failures="0" tests="1" name="com.selenium.demo.HandlingFrames" time="14.576" errors="0" timestamp="2022-07-25T23:32:13 IST" skipped="0">
  <testcase classname="com.selenium.demo.HandlingFrames" name="frame" time="14.576"/>
  <system-out/>
</testsuite> <!-- com.selenium.demo.HandlingFrames -->
