<?xml version="1.0" encoding="UTF-8"?>
<!-- Generated by org.testng.reporters.JUnitReportReporter -->
<testsuite hostname="DESKTOP-6E13JVC" failures="0" tests="1" name="com.selenium.demo.FindElementsTest" time="7.172" errors="0" timestamp="2022-08-02T16:55:05 IST" skipped="0">
  <testcase classname="com.selenium.demo.FindElementsTest" name="findElements_ExampleTest" time="7.172"/>
  <system-out/>
</testsuite> <!-- com.selenium.demo.FindElementsTest -->
