<?xml version="1.0" encoding="UTF-8"?>
<!-- Generated by org.testng.reporters.JUnitReportReporter -->
<testsuite hostname="DESKTOP-6E13JVC" failures="0" tests="1" name="com.selenium.demo.ActionsClassMethods" time="24.805" errors="0" timestamp="2022-07-29T20:53:17 IST" skipped="0">
  <testcase classname="com.selenium.demo.ActionsClassMethods" name="gmail_contextClickDemo_mailArchive" time="24.805"/>
  <system-out/>
</testsuite> <!-- com.selenium.demo.ActionsClassMethods -->
