<?xml version="1.0" encoding="UTF-8"?>
<!-- Generated by org.testng.reporters.JUnitReportReporter -->
<testsuite hostname="DESKTOP-6E13JVC" failures="0" tests="1" name="com.selenium.demo.ListBoxTest" time="0.396" errors="0" timestamp="2022-08-03T17:46:04 IST" skipped="0">
  <testcase classname="com.selenium.demo.ListBoxTest" name="hashMapExample_printtheOcuuranceOfPoori" time="0.396"/>
  <system-out/>
</testsuite> <!-- com.selenium.demo.ListBoxTest -->
