<?xml version="1.0" encoding="UTF-8"?>
<!-- Generated by org.testng.reporters.JUnitReportReporter -->
<testsuite hostname="DESKTOP-6E13JVC" failures="0" tests="1" name="com.selenium.demo.Keyboard_Mouse_Operations" time="25.585" errors="0" timestamp="2022-07-20T01:18:02 IST" skipped="0">
  <testcase classname="com.selenium.demo.Keyboard_Mouse_Operations" name="mouseAndKeyboard" time="25.585"/>
  <system-out/>
</testsuite> <!-- com.selenium.demo.Keyboard_Mouse_Operations -->
