<?xml version="1.0" encoding="UTF-8"?>
<!-- Generated by org.testng.reporters.JUnitReportReporter -->
<testsuite hostname="DESKTOP-6E13JVC" failures="0" tests="1" name="com.selenium.demo.VerifyActime_UNandPassword_HeightandWidth" time="11.768" errors="0" timestamp="2022-07-21T23:20:22 IST" skipped="0">
  <testcase classname="com.selenium.demo.VerifyActime_UNandPassword_HeightandWidth" name="checkActiTime_UNandPassword_HeightAndWidth" time="11.768"/>
  <system-out/>
</testsuite> <!-- com.selenium.demo.VerifyActime_UNandPassword_HeightandWidth -->
