<?xml version="1.0" encoding="UTF-8"?>
<!-- Generated by org.testng.reporters.JUnitReportReporter -->
<testsuite hostname="DESKTOP-6E13JVC" failures="0" tests="1" name="com.selenium.demo.JavaScript_Executor" time="15.983" errors="0" timestamp="2022-07-22T20:06:22 IST" skipped="0">
  <testcase classname="com.selenium.demo.JavaScript_Executor" name="ScroolDownToBottomOfPage" time="15.983"/>
  <system-out/>
</testsuite> <!-- com.selenium.demo.JavaScript_Executor -->
