<?xml version="1.0" encoding="UTF-8"?>
<!-- Generated by org.testng.reporters.JUnitReportReporter -->
<testsuite hostname="DESKTOP-6E13JVC" failures="0" tests="1" name="com.selenium.demo.UpcastingToWebDriver_LaunchBrowser" time="28.806" errors="0" timestamp="2022-07-19T17:09:34 IST" skipped="0">
  <testcase classname="com.selenium.demo.UpcastingToWebDriver_LaunchBrowser" name="launchBrowser" time="28.806"/>
  <system-out/>
</testsuite> <!-- com.selenium.demo.UpcastingToWebDriver_LaunchBrowser -->
