<?xml version="1.0" encoding="UTF-8"?>
<!-- Generated by org.testng.reporters.JUnitReportReporter -->
<testsuite hostname="DESKTOP-6E13JVC" failures="0" tests="1" name="com.selenium.demo.CaptureScreenShot" time="46.263" errors="0" timestamp="2022-07-20T01:07:10 IST" skipped="0">
  <testcase classname="com.selenium.demo.CaptureScreenShot" name="takeScreenShot" time="46.263"/>
  <system-out/>
</testsuite> <!-- com.selenium.demo.CaptureScreenShot -->
